\BOOKMARK [1][-]{section.1}{\376\377\000I\000n\000t\000r\000o\000d\000u\000c\000c\000i\000\363\000n}{}% 1
\BOOKMARK [2][-]{subsection.1.1}{\376\377\000P\000l\000a\000n\000t\000e\000a\000m\000i\000e\000n\000t\000o\000\040\000G\000e\000n\000e\000r\000a\000l\000\040\000d\000e\000l\000\040\000T\000e\000m\000a}{section.1}% 2
\BOOKMARK [2][-]{subsection.1.2}{\376\377\000C\000o\000n\000t\000e\000x\000t\000u\000a\000l\000i\000z\000a\000c\000i\000\363\000n\000\040\000d\000e\000l\000\040\000P\000r\000o\000b\000l\000e\000m\000a}{section.1}% 3
\BOOKMARK [2][-]{subsection.1.3}{\376\377\000O\000b\000j\000e\000t\000i\000v\000o\000\040\000d\000e\000l\000\040\000E\000s\000t\000u\000d\000i\000o}{section.1}% 4
\BOOKMARK [2][-]{subsection.1.4}{\376\377\000J\000u\000s\000t\000i\000f\000i\000c\000a\000c\000i\000\363\000n\000\040\000R\000e\000s\000u\000m\000i\000d\000a}{section.1}% 5
\BOOKMARK [2][-]{subsection.1.5}{\376\377\000A\000l\000c\000a\000n\000c\000e}{section.1}% 6
\BOOKMARK [2][-]{subsection.1.6}{\376\377\000L\000i\000m\000i\000t\000a\000c\000i\000o\000n\000e\000s}{section.1}% 7
\BOOKMARK [2][-]{subsection.1.7}{\376\377\000E\000s\000t\000r\000u\000c\000t\000u\000r\000a\000\040\000d\000e\000l\000\040\000D\000o\000c\000u\000m\000e\000n\000t\000o}{section.1}% 8
\BOOKMARK [1][-]{section.2}{\376\377\000R\000e\000f\000e\000r\000e\000n\000t\000e\000\040\000T\000e\000\363\000r\000i\000c\000o}{}% 9
\BOOKMARK [2][-]{subsection.2.1}{\376\377\000C\000o\000n\000t\000e\000x\000t\000u\000a\000l\000i\000z\000a\000c\000i\000\363\000n\000\040\000d\000e\000l\000\040\000C\000a\000m\000p\000o\000:\000\040\000R\000e\000c\000o\000n\000o\000c\000i\000m\000i\000e\000n\000t\000o\000\040\000E\000m\000o\000c\000i\000o\000n\000a\000l\000\040\000e\000n\000\040\000V\000o\000z}{section.2}% 10
\BOOKMARK [2][-]{subsection.2.2}{\376\377\000T\000e\000o\000r\000\355\000a\000s\000\040\000d\000e\000\040\000l\000a\000s\000\040\000E\000m\000o\000c\000i\000o\000n\000e\000s}{section.2}% 11
\BOOKMARK [3][-]{subsubsection.2.2.1}{\376\377\000M\000o\000d\000e\000l\000o\000\040\000d\000i\000m\000e\000n\000s\000i\000o\000n\000a\000l\000\040\000d\000e\000\040\000R\000u\000s\000s\000e\000l\000l}{subsection.2.2}% 12
\BOOKMARK [3][-]{subsubsection.2.2.2}{\376\377\000T\000e\000o\000r\000\355\000a\000\040\000d\000e\000\040\000l\000a\000s\000\040\000e\000m\000o\000c\000i\000o\000n\000e\000s\000\040\000b\000\341\000s\000i\000c\000a\000s\000\040\000d\000e\000\040\000E\000k\000m\000a\000n}{subsection.2.2}% 13
\BOOKMARK [3][-]{subsubsection.2.2.3}{\376\377\000M\000o\000d\000e\000l\000o\000\040\000d\000e\000\040\000c\000o\000m\000p\000o\000n\000e\000n\000t\000e\000s\000\040\000d\000e\000\040\000S\000c\000h\000e\000r\000e\000r}{subsection.2.2}% 14
\BOOKMARK [3][-]{subsubsection.2.2.4}{\376\377\000S\000\355\000n\000t\000e\000s\000i\000s\000:\000\040\000p\000o\000r\000\040\000q\000u\000\351\000\040\000e\000l\000\040\000m\000o\000d\000e\000l\000o\000\040\000d\000i\000m\000e\000n\000s\000i\000o\000n\000a\000l}{subsection.2.2}% 15
\BOOKMARK [2][-]{subsection.2.3}{\376\377\000P\000r\000o\000d\000u\000c\000c\000i\000\363\000n\000\040\000V\000o\000c\000a\000l\000\040\000y\000\040\000B\000a\000s\000e\000\040\000P\000a\000r\000a\000l\000i\000n\000g\000\374\000\355\000s\000t\000i\000c\000a}{section.2}% 16
\BOOKMARK [3][-]{subsubsection.2.3.1}{\376\377\000M\000o\000d\000e\000l\000o\000\040\000f\000u\000e\000n\000t\000e\000-\000f\000i\000l\000t\000r\000o}{subsection.2.3}% 17
\BOOKMARK [3][-]{subsubsection.2.3.2}{\376\377\000R\000e\000l\000a\000c\000i\000\363\000n\000\040\000e\000m\000o\000c\000i\000\363\000n\040\023\000f\000i\000s\000i\000o\000l\000o\000g\000\355\000a\000\040\000v\000o\000c\000a\000l}{subsection.2.3}% 18
\BOOKMARK [2][-]{subsection.2.4}{\376\377\000C\000a\000r\000a\000c\000t\000e\000r\000\355\000s\000t\000i\000c\000a\000s\000\040\000P\000a\000r\000a\000l\000i\000n\000g\000\374\000\355\000s\000t\000i\000c\000a\000s}{section.2}% 19
\BOOKMARK [2][-]{subsection.2.5}{\376\377\000C\000o\000n\000c\000e\000p\000t\000o\000\040\000d\000e\000\040\000L\000\355\000n\000e\000a\000\040\000B\000a\000s\000e\000\040\000E\000m\000o\000c\000i\000o\000n\000a\000l}{section.2}% 20
\BOOKMARK [2][-]{subsection.2.6}{\376\377\000M\000o\000d\000e\000l\000o\000s\000\040\000C\000o\000m\000p\000u\000t\000a\000c\000i\000o\000n\000a\000l\000e\000s\000\040\000p\000a\000r\000a\000\040\000e\000l\000\040\000R\000e\000c\000o\000n\000o\000c\000i\000m\000i\000e\000n\000t\000o\000\040\000d\000e\000\040\000E\000m\000o\000c\000i\000o\000n\000e\000s\000\040\000e\000n\000\040\000V\000o\000z}{section.2}% 21
\BOOKMARK [3][-]{subsubsection.2.6.1}{\376\377\000E\000n\000f\000o\000q\000u\000e\000s\000\040\000f\000e\000a\000t\000u\000r\000e\000-\000b\000a\000s\000e\000d\000\040\000y\000\040\000e\000n\000d\000-\000t\000o\000-\000e\000n\000d}{subsection.2.6}% 22
\BOOKMARK [3][-]{subsubsection.2.6.2}{\376\377\000C\000o\000n\000j\000u\000n\000t\000o\000s\000\040\000d\000e\000\040\000c\000a\000r\000a\000c\000t\000e\000r\000\355\000s\000t\000i\000c\000a\000s\000\040\000e\000s\000t\000\341\000n\000d\000a\000r}{subsection.2.6}% 23
\BOOKMARK [3][-]{subsubsection.2.6.3}{\376\377\000J\000u\000s\000t\000i\000f\000i\000c\000a\000c\000i\000\363\000n\000\040\000d\000e\000l\000\040\000e\000n\000f\000o\000q\000u\000e\000\040\000a\000d\000o\000p\000t\000a\000d\000o}{subsection.2.6}% 24
\BOOKMARK [2][-]{subsection.2.7}{\376\377\000M\000a\000c\000h\000i\000n\000e\000\040\000L\000e\000a\000r\000n\000i\000n\000g\000\040\000p\000a\000r\000a\000\040\000l\000a\000\040\000D\000e\000t\000e\000c\000c\000i\000\363\000n\000\040\000d\000e\000\040\000A\000n\000o\000m\000a\000l\000\355\000a\000s\000\040\000E\000m\000o\000c\000i\000o\000n\000a\000l\000e\000s}{section.2}% 25
\BOOKMARK [2][-]{subsection.2.8}{\376\377\000R\000e\000v\000i\000s\000i\000\363\000n\000\040\000d\000e\000\040\000A\000n\000t\000e\000c\000e\000d\000e\000n\000t\000e\000s}{section.2}% 26
\BOOKMARK [3][-]{subsubsection.2.8.1}{\376\377\000C\000o\000n\000t\000e\000x\000t\000o\000\040\000d\000e\000l\000\040\000P\000r\000o\000b\000l\000e\000m\000a\000\040\000e\000n\000\040\000l\000o\000s\000\040\000C\000a\000l\000l\000\040\000C\000e\000n\000t\000e\000r\000s}{subsection.2.8}% 27
\BOOKMARK [3][-]{subsubsection.2.8.2}{\376\377\000C\000a\000r\000a\000c\000t\000e\000r\000\355\000s\000t\000i\000c\000a\000s\000\040\000A\000c\000\372\000s\000t\000i\000c\000a\000s\000\040\000p\000a\000r\000a\000\040\000l\000a\000\040\000D\000e\000t\000e\000c\000c\000i\000\363\000n\000\040\000d\000e\000\040\000E\000m\000o\000c\000i\000o\000n\000e\000s}{subsection.2.8}% 28
\BOOKMARK [3][-]{subsubsection.2.8.3}{\376\377\000N\000o\000r\000m\000a\000l\000i\000z\000a\000c\000i\000\363\000n\000\040\000p\000o\000r\000\040\000H\000a\000b\000l\000a\000n\000t\000e\000\040\000y\000\040\000L\000\355\000n\000e\000a\000\040\000B\000a\000s\000e\000\040\000E\000m\000o\000c\000i\000o\000n\000a\000l}{subsection.2.8}% 29
\BOOKMARK [3][-]{subsubsection.2.8.4}{\376\377\000A\000l\000g\000o\000r\000i\000t\000m\000o\000s\000\040\000d\000e\000\040\000M\000a\000c\000h\000i\000n\000e\000\040\000L\000e\000a\000r\000n\000i\000n\000g\000\040\000p\000a\000r\000a\000\040\000l\000a\000\040\000D\000e\000t\000e\000c\000c\000i\000\363\000n\000\040\000d\000e\000\040\000P\000i\000c\000o\000s}{subsection.2.8}% 30
\BOOKMARK [3][-]{subsubsection.2.8.5}{\376\377\000D\000a\000t\000a\000s\000e\000t\000s\000\040\000y\000\040\000V\000a\000l\000i\000d\000a\000c\000i\000\363\000n\000\040\000E\000x\000p\000e\000r\000i\000m\000e\000n\000t\000a\000l}{subsection.2.8}% 31
\BOOKMARK [2][-]{subsection.2.9}{\376\377\000A\000r\000t\000i\000c\000u\000l\000a\000c\000i\000\363\000n\000\040\000d\000e\000l\000\040\000R\000e\000f\000e\000r\000e\000n\000t\000e\000\040\000T\000e\000\363\000r\000i\000c\000o\000\040\000c\000o\000n\000\040\000l\000a\000\040\000I\000n\000v\000e\000s\000t\000i\000g\000a\000c\000i\000\363\000n}{section.2}% 32
\BOOKMARK [1][-]{section.3}{\376\377\000C\000r\000o\000n\000o\000g\000r\000a\000m\000a\000\040\000d\000e\000\040\000O\000b\000j\000e\000t\000i\000v\000o\000s}{}% 33
\BOOKMARK [1][-]{section.4}{\376\377\000C\000r\000o\000n\000o\000g\000r\000a\000m\000a\000\040\000d\000e\000\040\000T\000r\000a\000b\000a\000j\000o}{}% 34
\BOOKMARK [2][-]{subsection.4.1}{\376\377\000F\000a\000s\000e\000\040\0001\000:\000\040\000C\000o\000n\000f\000i\000g\000u\000r\000a\000c\000i\000\363\000n\000\040\000y\000\040\000E\000x\000t\000r\000a\000c\000c\000i\000\363\000n\000\040\000d\000e\000\040\000F\000e\000a\000t\000u\000r\000e\000s\000\040\000\050\000S\000e\000m\000.\000\040\0001\040\023\0003\000\051}{section.4}% 35
\BOOKMARK [2][-]{subsection.4.2}{\376\377\000F\000a\000s\000e\000\040\0002\000:\000\040\000B\000a\000s\000e\000l\000i\000n\000e\000\040\000E\000m\000o\000c\000i\000o\000n\000a\000l\000\040\000y\000\040\000P\000r\000e\000p\000r\000o\000c\000e\000s\000a\000m\000i\000e\000n\000t\000o\000\040\000\050\000S\000e\000m\000.\000\040\0004\040\023\0005\000\051}{section.4}% 36
\BOOKMARK [2][-]{subsection.4.3}{\376\377\000F\000a\000s\000e\000\040\0003\000:\000\040\000D\000e\000t\000e\000c\000c\000i\000\363\000n\000\040\000d\000e\000\040\000P\000i\000c\000o\000s\000\040\000E\000m\000o\000c\000i\000o\000n\000a\000l\000e\000s\000\040\000\050\000S\000e\000m\000.\000\040\0006\040\023\0008\000\051}{section.4}% 37
\BOOKMARK [2][-]{subsection.4.4}{\376\377\000F\000a\000s\000e\000\040\0004\000:\000\040\000C\000l\000a\000s\000i\000f\000i\000c\000a\000c\000i\000\363\000n\000\040\000d\000e\000\040\000V\000a\000l\000e\000n\000c\000i\000a\000\040\000E\000m\000o\000c\000i\000o\000n\000a\000l\000\040\000\050\000S\000e\000m\000.\000\040\0009\040\023\0001\0000\000\051}{section.4}% 38
\BOOKMARK [2][-]{subsection.4.5}{\376\377\000F\000a\000s\000e\000\040\0005\000:\000\040\000V\000a\000l\000i\000d\000a\000c\000i\000\363\000n\000\040\000y\000\040\000E\000x\000p\000e\000r\000i\000m\000e\000n\000t\000a\000c\000i\000\363\000n\000\040\000\050\000S\000e\000m\000.\000\040\0001\0001\040\023\0001\0003\000\051}{section.4}% 39
\BOOKMARK [2][-]{subsection.4.6}{\376\377\000F\000a\000s\000e\000\040\0006\000:\000\040\000I\000n\000t\000e\000r\000f\000a\000z\000\040\000y\000\040\000D\000o\000c\000u\000m\000e\000n\000t\000a\000c\000i\000\363\000n\000\040\000F\000i\000n\000a\000l\000\040\000\050\000S\000e\000m\000.\000\040\0001\0004\040\023\0001\0005\000\051}{section.4}% 40
\BOOKMARK [1][-]{section.5}{\376\377\000M\000e\000t\000o\000d\000o\000l\000o\000g\000\355\000a}{}% 41
\BOOKMARK [2][-]{subsection.5.1}{\376\377\000T\000i\000p\000o\000\040\000y\000\040\000E\000n\000f\000o\000q\000u\000e\000\040\000d\000e\000l\000\040\000E\000s\000t\000u\000d\000i\000o}{section.5}% 42
\BOOKMARK [2][-]{subsection.5.2}{\376\377\000D\000i\000s\000e\000\361\000o\000\040\000E\000x\000p\000e\000r\000i\000m\000e\000n\000t\000a\000l}{section.5}% 43
\BOOKMARK [3][-]{subsubsection.5.2.1}{\376\377\000V\000a\000r\000i\000a\000b\000l\000e\000s\000\040\000i\000n\000d\000e\000p\000e\000n\000d\000i\000e\000n\000t\000e\000s}{subsection.5.2}% 44
\BOOKMARK [3][-]{subsubsection.5.2.2}{\376\377\000V\000a\000r\000i\000a\000b\000l\000e\000s\000\040\000d\000e\000p\000e\000n\000d\000i\000e\000n\000t\000e\000s}{subsection.5.2}% 45
\BOOKMARK [3][-]{subsubsection.5.2.3}{\376\377\000C\000o\000n\000t\000r\000o\000l\000\040\000e\000x\000p\000e\000r\000i\000m\000e\000n\000t\000a\000l}{subsection.5.2}% 46
\BOOKMARK [3][-]{subsubsection.5.2.4}{\376\377\000H\000i\000p\000\363\000t\000e\000s\000i\000s\000\040\000d\000e\000\040\000t\000r\000a\000b\000a\000j\000o}{subsection.5.2}% 47
\BOOKMARK [2][-]{subsection.5.3}{\376\377\000P\000o\000b\000l\000a\000c\000i\000\363\000n\000\040\000y\000\040\000M\000u\000e\000s\000t\000r\000a}{section.5}% 48
\BOOKMARK [3][-]{subsubsection.5.3.1}{\376\377\000D\000a\000t\000a\000s\000e\000t\000s}{subsection.5.3}% 49
\BOOKMARK [3][-]{subsubsection.5.3.2}{\376\377\000P\000r\000o\000c\000e\000s\000o\000\040\000d\000e\000\040\000a\000n\000o\000t\000a\000c\000i\000\363\000n}{subsection.5.3}% 50
\BOOKMARK [2][-]{subsection.5.4}{\376\377\000H\000e\000r\000r\000a\000m\000i\000e\000n\000t\000a\000s\000\040\000e\000\040\000I\000n\000s\000t\000r\000u\000m\000e\000n\000t\000o\000s}{section.5}% 51
\BOOKMARK [3][-]{subsubsection.5.4.1}{\376\377\000H\000a\000r\000d\000w\000a\000r\000e}{subsection.5.4}% 52
\BOOKMARK [3][-]{subsubsection.5.4.2}{\376\377\000S\000o\000f\000t\000w\000a\000r\000e}{subsection.5.4}% 53
\BOOKMARK [2][-]{subsection.5.5}{\376\377\000P\000r\000o\000c\000e\000d\000i\000m\000i\000e\000n\000t\000o}{section.5}% 54
\BOOKMARK [2][-]{subsection.5.6}{\376\377\000T\000\351\000c\000n\000i\000c\000a\000s\000\040\000d\000e\000\040\000A\000n\000\341\000l\000i\000s\000i\000s}{section.5}% 55
\BOOKMARK [3][-]{subsubsection.5.6.1}{\376\377\000M\000\351\000t\000r\000i\000c\000a\000s\000\040\000d\000e\000\040\000e\000v\000a\000l\000u\000a\000c\000i\000\363\000n}{subsection.5.6}% 56
\BOOKMARK [3][-]{subsubsection.5.6.2}{\376\377\000I\000m\000p\000o\000r\000t\000a\000n\000c\000i\000a\000\040\000d\000e\000\040\000c\000a\000r\000a\000c\000t\000e\000r\000\355\000s\000t\000i\000c\000a\000s}{subsection.5.6}% 57
\BOOKMARK [3][-]{subsubsection.5.6.3}{\376\377\000P\000r\000u\000e\000b\000a\000s\000\040\000d\000e\000\040\000s\000i\000g\000n\000i\000f\000i\000c\000a\000n\000c\000i\000a}{subsection.5.6}% 58
\BOOKMARK [2][-]{subsection.5.7}{\376\377\000C\000o\000n\000s\000i\000d\000e\000r\000a\000c\000i\000o\000n\000e\000s\000\040\000\311\000t\000i\000c\000a\000s}{section.5}% 59
\BOOKMARK [2][-]{subsection.5.8}{\376\377\000P\000l\000a\000n\000\040\000d\000e\000\040\000V\000a\000l\000i\000d\000a\000c\000i\000\363\000n}{section.5}% 60
\BOOKMARK [3][-]{subsubsection.5.8.1}{\376\377\000P\000r\000o\000t\000o\000c\000o\000l\000o\000\040\000d\000e\000\040\000a\000n\000o\000t\000a\000c\000i\000\363\000n}{subsection.5.8}% 61
\BOOKMARK [3][-]{subsubsection.5.8.2}{\376\377\000C\000o\000m\000p\000a\000r\000a\000c\000i\000\363\000n\000\040\000s\000i\000s\000t\000e\000m\000a\040\023\000e\000x\000p\000e\000r\000t\000o\000s}{subsection.5.8}% 62
\BOOKMARK [3][-]{subsubsection.5.8.3}{\376\377\000C\000r\000i\000t\000e\000r\000i\000o\000s\000\040\000d\000e\000\040\000a\000c\000e\000p\000t\000a\000c\000i\000\363\000n}{subsection.5.8}% 63
\BOOKMARK [1][-]{section.6}{\376\377\000R\000e\000s\000u\000l\000t\000a\000d\000o\000s\000\040\000E\000s\000p\000e\000r\000a\000d\000o\000s}{}% 64
\BOOKMARK [2][-]{subsection.6.1}{\376\377\000E\000n\000t\000r\000e\000g\000a\000b\000l\000e\000s\000\040\000T\000\351\000c\000n\000i\000c\000o\000s}{section.6}% 65
\BOOKMARK [2][-]{subsection.6.2}{\376\377\000M\000\351\000t\000r\000i\000c\000a\000s\000\040\000d\000e\000\040\000D\000e\000s\000e\000m\000p\000e\000\361\000o\000\040\000E\000s\000p\000e\000r\000a\000d\000a\000s}{section.6}% 66
\BOOKMARK [1][-]{section.7}{\376\377\000\301\000r\000e\000a\000\040\000P\000r\000o\000b\000l\000e\000m\000\341\000t\000i\000c\000a}{}% 67
\BOOKMARK [2][-]{subsection.7.1}{\376\377\000D\000e\000f\000i\000n\000i\000c\000i\000\363\000n\000\040\000d\000e\000l\000\040\000P\000r\000o\000b\000l\000e\000m\000a\000\040\000C\000e\000n\000t\000r\000a\000l}{section.7}% 68
\BOOKMARK [2][-]{subsection.7.2}{\376\377\000C\000o\000n\000t\000e\000x\000t\000o\000\040\000e\000\040\000I\000m\000p\000a\000c\000t\000o\000\040\000d\000e\000l\000\040\000P\000r\000o\000b\000l\000e\000m\000a}{section.7}% 69
\BOOKMARK [2][-]{subsection.7.3}{\376\377\000P\000r\000e\000g\000u\000n\000t\000a\000s\000\040\000C\000l\000a\000v\000e\000\040\000d\000e\000\040\000I\000n\000v\000e\000s\000t\000i\000g\000a\000c\000i\000\363\000n}{section.7}% 70
\BOOKMARK [1][-]{section.8}{\376\377\000J\000u\000s\000t\000i\000f\000i\000c\000a\000c\000i\000\363\000n}{}% 71
\BOOKMARK [2][-]{subsection.8.1}{\376\377\000I\000m\000p\000o\000r\000t\000a\000n\000c\000i\000a\000\040\000y\000\040\000N\000e\000c\000e\000s\000i\000d\000a\000d\000\040\000d\000e\000l\000\040\000E\000s\000t\000u\000d\000i\000o}{section.8}% 72
\BOOKMARK [2][-]{subsection.8.2}{\376\377\000B\000e\000n\000e\000f\000i\000c\000i\000o\000s\000\040\000E\000s\000p\000e\000r\000a\000d\000o\000s\000\040\000e\000\040\000I\000m\000p\000a\000c\000t\000o}{section.8}% 73
\BOOKMARK [2][-]{subsection.8.3}{\376\377\000P\000e\000r\000t\000i\000n\000e\000n\000c\000i\000a\000\040\000c\000o\000n\000\040\000e\000l\000\040\000C\000o\000n\000o\000c\000i\000m\000i\000e\000n\000t\000o\000\040\000A\000c\000t\000u\000a\000l\000\040\000y\000\040\000l\000o\000s\000\040\000O\000b\000j\000e\000t\000i\000v\000o\000s}{section.8}% 74
\BOOKMARK [1][-]{section*.1}{\376\377\000R\000e\000f\000e\000r\000e\000n\000c\000i\000a\000s}{}% 75
